[ACTION] [2025-05-01 22:15:48] Creating WhiteboardGUI
[ACTION] [2025-05-01 22:15:48] Binding Keys to Whiteboard
[ACTION] [2025-05-01 22:15:48] Creating Canvas
[ACTION] [2025-05-01 22:15:48] Binding Keys to Canvas
[ACTION] [2025-05-01 22:15:50] Set color: java.awt.Color[r=0,g=0,b=0]
[ACTION] [2025-05-01 22:15:50] Set drawing mode: TEXT
[ACTION] [2025-05-01 22:15:50] Set color: java.awt.Color[r=0,g=0,b=0]
[INFO] [2025-05-01 22:15:53] Removed TextBox
[INFO] [2025-05-01 22:15:53] false
[ACTION] [2025-05-01 22:16:23] Set drawing mode: FREE
[ACTION] [2025-05-01 22:16:23] Set color: java.awt.Color[r=0,g=0,b=0]
[ACTION] [2025-05-01 22:16:54] Creating WhiteboardGUI
[ACTION] [2025-05-01 22:16:54] Binding Keys to Whiteboard
[ACTION] [2025-05-01 22:16:54] Creating Canvas
[ACTION] [2025-05-01 22:16:54] Binding Keys to Canvas
[ACTION] [2025-05-01 22:16:56] Set color: java.awt.Color[r=0,g=0,b=0]
[ACTION] [2025-05-01 22:16:56] Set drawing mode: TEXT
[ACTION] [2025-05-01 22:16:56] Set color: java.awt.Color[r=0,g=0,b=0]
[ACTION] [2025-05-01 22:17:17] Creating WhiteboardGUI
[ACTION] [2025-05-01 22:17:17] Binding Keys to Whiteboard
[ACTION] [2025-05-01 22:17:17] Creating Canvas
[ACTION] [2025-05-01 22:17:17] Binding Keys to Canvas
[ACTION] [2025-05-01 22:17:18] Set color: java.awt.Color[r=0,g=0,b=0]
[ACTION] [2025-05-01 22:17:18] Set drawing mode: TEXT
[ACTION] [2025-05-01 22:17:18] Set color: java.awt.Color[r=0,g=0,b=0]
[ACTION] [2025-05-01 22:19:31] Creating WhiteboardGUI
[ACTION] [2025-05-01 22:19:31] Binding Keys to Whiteboard
[ACTION] [2025-05-01 22:19:31] Creating Canvas
[ACTION] [2025-05-01 22:19:32] Set color: java.awt.Color[r=0,g=0,b=0]
[ACTION] [2025-05-01 22:19:32] Set drawing mode: TEXT
[ACTION] [2025-05-01 22:19:32] Set color: java.awt.Color[r=0,g=0,b=0]
